14:42:58.076 INFO  portalvalidation.NewtRegistration -Email and Conf email mismatch on tab :Senthil Kumar 961 TC_18
15:07:51.498 INFO  portalvalidation.NewtRegistration -Email and Conf email mismatch on tab :S TC_18
15:15:41.891 INFO  portalvalidation.NewtRegistration -Birthdate is empty on Submit: Senthil Kumar 960 TC_18
15:16:29.823 INFO  portalvalidation.NewtRegistration -Email and Conf email mismatch on tab :S TC_18
15:24:24.260 INFO  portalvalidation.NewtRegistration -Birthdate is empty on Submit: Senthil Kumar 960 TC_180
15:29:16.508 INFO  portalvalidation.NewtRegistration -Birthdate is empty on Submit: Senthil Kumar 960 TC_180
15:47:51.136 INFO  portalvalidation.NewtRegistration -Birthdate is empty on Submit: Senthil Kumar 960 TC_180
15:48:26.900 INFO  portalvalidation.NewtRegistration -fname is less than 2 chars on Submit: S TC_181
16:04:36.481 INFO  portalvalidation.NewtRegistration -fname is less than 2 chars on Submit: S TC_01
16:05:12.256 INFO  portalvalidation.NewtRegistration -fname is empty on Submit:  TC_02
16:05:47.792 INFO  portalvalidation.NewtRegistration -Last name  is empty on Submit: Senthil Kumar TC_03
16:06:23.141 INFO  portalvalidation.NewtRegistration -email and conf email are empty on Submit: Senthil Kumar 4 TC_04
16:06:51.611 INFO  portalvalidation.NewtRegistration -Email and Conf email mismatch on tab :Senthil Kumar 8 TC_05
16:07:05.416 INFO  portalvalidation.NewtRegistration -email and conf email are empty on Submit: Senthil Kumar 8 TC_05
16:07:33.452 INFO  portalvalidation.NewtRegistration -Email and Conf email mismatch on tab :Senthil Kumar 7 TC_06
16:07:47.378 INFO  portalvalidation.NewtRegistration -email and conf email are empty on Submit: Senthil Kumar 7 TC_06
16:09:33.083 INFO  portalvalidation.NewtRegistration -Password and conf. Password are empty on Submit: Senthil Kumar 30 TC_09
16:10:01.695 INFO  portalvalidation.NewtRegistration -Password Empty on TAB: Senthil Kumar 31 TC_10
16:10:09.345 INFO  portalvalidation.NewtRegistration -Password and conf. Password are empty on Submit: Senthil Kumar 31 TC_10
16:10:37.709 INFO  portalvalidation.NewtRegistration -Password Length Error on TAB: Senthil Kumar 32 TC_11
16:10:51.418 INFO  portalvalidation.NewtRegistration -Password and conf. Password are empty on Submit: Senthil Kumar 32 TC_11
16:11:20.188 INFO  portalvalidation.NewtRegistration -Password and Conf Password mismatch on TAB: Senthil Kumar 33 TC_12
16:11:28.048 INFO  portalvalidation.NewtRegistration -Password and conf. Password are empty on Submit: Senthil Kumar 33 TC_12
16:12:03.796 INFO  portalvalidation.NewtRegistration -Password valid and confirm Password empty on Submit: Senthil Kumar 34 TC_13
16:12:39.178 INFO  portalvalidation.NewtRegistration -Mobile number is empty: Senthil Kumar 7 TC_14
16:13:22.780 INFO  portalvalidation.NewtRegistration -Birthdate is empty on Submit: Senthil Kumar 9 TC_15
16:13:58.381 INFO  portalvalidation.NewtRegistration -Mobile number is not valid on Submit: Senthil Kumar 8 TC_16
16:14:33.599 INFO  portalvalidation.NewtRegistration -Zip length mismatch on TAB: Senthil Kumar 124 TC_17
16:14:34.595 INFO  portalvalidation.NewtRegistration -Zip length error and favourite location not selected on Submit: Senthil Kumar 124 TC_17
16:31:29.380 INFO  portalvalidation.NewtRegistration -Zip length mismatch on TAB: Senthil Kumar 124 TC_17
16:31:30.671 INFO  portalvalidation.NewtRegistration -Zip length error and favourite location not selected on Submit: Senthil Kumar 124 TC_17
16:32:06.834 INFO  portalvalidation.NewtRegistration -Zip length mismatch on TAB: Senthil Kumar 125 TC_18
16:32:07.682 INFO  portalvalidation.NewtRegistration -Zip length error and favourite location not selected on Submit: Senthil Kumar 125 TC_18
16:34:17.146 INFO  portalvalidation.NewtRegistration -Email Already Exists on Submit: Senthil Kumar 501 TC_22
16:34:53.156 INFO  portalvalidation.NewtRegistration -Phone Number already exists on Submit: Senthil Kumar 511 TC_23
16:35:28.892 INFO  portalvalidation.NewtRegistration -Phone Number already exists on Submit: Senthil Kumar 512 TC_24
16:36:05.115 INFO  portalvalidation.NewtRegistration -Phone Number already exists on Submit: Senthil Kumar 513 TC_25
16:36:40.794 INFO  portalvalidation.NewtRegistration -Phone Number already exists on Submit: Senthil Kumar 514 TC_26
16:37:16.400 INFO  portalvalidation.NewtRegistration -Phone Number already exists on Submit: Senthil Kumar 515 TC_27
16:44:55.132 INFO  portalvalidation.NewtRegistration -Zip length mismatch on TAB: Senthil Kumar 124 TC_17
16:44:56.272 INFO  portalvalidation.NewtRegistration -Zip length error and favourite location not selected on Submit: Senthil Kumar 124 TC_17
16:45:31.988 INFO  portalvalidation.NewtRegistration -Zip length mismatch on TAB: Senthil Kumar 125 TC_18
16:45:32.866 INFO  portalvalidation.NewtRegistration -Zip length Seven error and favourite location not selected on Submit: Senthil Kumar 125 TC_18
17:01:50.312 INFO  portalvalidation.NewtRegistration -Zip length mismatch on TAB: Senthil Kumar 124 TC_17
17:01:51.477 INFO  portalvalidation.NewtRegistration -Zip length error and favourite location not selected on Submit: Senthil Kumar 124 TC_17
17:02:26.927 INFO  portalvalidation.NewtRegistration -Zip length mismatch on TAB: Senthil Kumar 125 TC_18
17:02:27.681 INFO  portalvalidation.NewtRegistration -Zip length error and favourite location not selected on Submit: Senthil Kumar 125 TC_18
17:13:26.934 INFO  portalvalidation.NewtRegistration -Zip length mismatch on TAB: Senthil Kumar 124 TC_17
17:13:27.928 INFO  portalvalidation.NewtRegistration -Zip length error and favourite location not selected on Submit: Senthil Kumar 124 TC_17
17:14:03.995 INFO  portalvalidation.NewtRegistration -Zip length mismatch on TAB: Senthil Kumar 125 TC_18
17:14:04.807 INFO  portalvalidation.NewtRegistration -Zip length error and favourite location not selected on Submit: Senthil Kumar 125 TC_18
17:17:43.063 INFO  portalvalidation.NewtRegistration -Zip length mismatch on TAB: Senthil Kumar 124 TC_17
17:17:44.253 INFO  portalvalidation.NewtRegistration -Zip length error and favourite location not selected on Submit: Senthil Kumar 124 TC_17
17:18:15.925 INFO  portalvalidation.NewtRegistration -Zip length mismatch on TAB: Senthil Kumar 125 TC_18
17:18:16.866 INFO  portalvalidation.NewtRegistration -Zip length error and favourite location not selected on Submit: Senthil Kumar 125 TC_18
17:18:48.738 INFO  portalvalidation.NewtRegistration -Zip is empty on TAB: Senthil Kumar 171 TC_19
17:18:49.723 INFO  portalvalidation.NewtRegistration -Zip and location are empty on Submit: Senthil Kumar 171 TC_19
17:19:22.644 INFO  portalvalidation.NewtRegistration -Zip valid but favourite location not selected: Senthil Kumar 175 TC_20
17:19:54.341 INFO  portalvalidation.NewtRegistration -Agreement not selected on Submit: Senthil3457 TC_21
17:20:26.250 INFO  portalvalidation.NewtRegistration -Email Already Exists on Submit: Senthil Kumar 501 TC_22
17:20:58.330 INFO  portalvalidation.NewtRegistration -Phone Number already exists on Submit: Senthil Kumar 511 TC_23
17:21:30.162 INFO  portalvalidation.NewtRegistration -Phone Number already exists on Submit: Senthil Kumar 512 TC_24
17:22:02.087 INFO  portalvalidation.NewtRegistration -Phone Number already exists on Submit: Senthil Kumar 513 TC_25
17:28:42.681 INFO  portalvalidation.NewtRegistration -Zip length mismatch on TAB: Senthil Kumar 124 TC_17
17:28:44.056 INFO  portalvalidation.NewtRegistration -Zip length error and favourite location not selected on Submit: Senthil Kumar 124 TC_17
17:29:16.232 INFO  portalvalidation.NewtRegistration -Zip length mismatch on TAB: Senthil Kumar 125 TC_18
17:29:17.354 INFO  portalvalidation.NewtRegistration -Zip length error and favourite location not selected on Submit: Senthil Kumar 125 TC_18
17:29:49.725 INFO  portalvalidation.NewtRegistration -Zip is empty on TAB: Senthil Kumar 171 TC_19
17:29:50.707 INFO  portalvalidation.NewtRegistration -Zip and location are empty on Submit: Senthil Kumar 171 TC_19
17:30:24.688 INFO  portalvalidation.NewtRegistration -Zip valid but favourite location not selected: Senthil Kumar 175 TC_20
17:30:58.337 INFO  portalvalidation.NewtRegistration -Agreement not selected on Submit: Senthil3457 TC_21
17:31:31.890 INFO  portalvalidation.NewtRegistration -Email Already Exists on Submit: Senthil Kumar 501 TC_22
17:32:09.694 INFO  portalvalidation.NewtRegistration -Phone Number already exists on Submit: Senthil Kumar 511 TC_23
17:32:44.967 INFO  portalvalidation.NewtRegistration -Phone Number already exists on Submit: Senthil Kumar 512 TC_24
17:33:20.579 INFO  portalvalidation.NewtRegistration -Phone Number already exists on Submit: Senthil Kumar 513 TC_25
17:33:56.256 INFO  portalvalidation.NewtRegistration -Phone Number already exists on Submit: Senthil Kumar 514 TC_26
17:34:32.230 INFO  portalvalidation.NewtRegistration -Phone Number already exists on Submit: Senthil Kumar 515 TC_27
17:39:53.962 INFO  portalvalidation.NewtRegistration -fname is less than 2 chars on Submit: S TC_01
17:40:29.028 INFO  portalvalidation.NewtRegistration -fname is empty on Submit:  TC_02
17:41:03.722 INFO  portalvalidation.NewtRegistration -Last name  is empty on Submit: Senthil Kumar TC_03
17:41:37.949 INFO  portalvalidation.NewtRegistration -email and conf email are empty on Submit: Senthil Kumar 4 TC_04
17:42:04.482 INFO  portalvalidation.NewtRegistration -Email and Conf email mismatch on tab :Senthil Kumar 8 TC_05
17:42:19.911 INFO  portalvalidation.NewtRegistration -email and conf email are empty on Submit: Senthil Kumar 8 TC_05
17:42:45.534 INFO  portalvalidation.NewtRegistration -Email and Conf email mismatch on tab :Senthil Kumar 7 TC_06
17:43:00.094 INFO  portalvalidation.NewtRegistration -email and conf email are empty on Submit: Senthil Kumar 7 TC_06
17:44:41.096 INFO  portalvalidation.NewtRegistration -Password and conf. Password are empty on Submit: Senthil Kumar 30 TC_09
17:45:08.032 INFO  portalvalidation.NewtRegistration -Password Empty on TAB: Senthil Kumar 31 TC_10
17:45:17.068 INFO  portalvalidation.NewtRegistration -Password and conf. Password are empty on Submit: Senthil Kumar 31 TC_10
17:45:43.577 INFO  portalvalidation.NewtRegistration -Password Length Error on TAB: Senthil Kumar 32 TC_11
17:45:58.749 INFO  portalvalidation.NewtRegistration -Password and conf. Password are empty on Submit: Senthil Kumar 32 TC_11
17:46:26.275 INFO  portalvalidation.NewtRegistration -Password and Conf Password mismatch on TAB: Senthil Kumar 33 TC_12
17:46:35.154 INFO  portalvalidation.NewtRegistration -Password and conf. Password are empty on Submit: Senthil Kumar 33 TC_12
17:47:09.563 INFO  portalvalidation.NewtRegistration -Password valid and confirm Password empty on Submit: Senthil Kumar 34 TC_13
17:47:44.636 INFO  portalvalidation.NewtRegistration -Birthdate is empty on Submit: Senthil Kumar 9 TC_14
17:48:19.887 INFO  portalvalidation.NewtRegistration -Mobile number is empty: Senthil Kumar 7 TC_15
17:49:02.559 INFO  portalvalidation.NewtRegistration -Mobile number is not valid on Submit: Senthil Kumar 8 TC_16
17:49:36.600 INFO  portalvalidation.NewtRegistration -Zip length mismatch on TAB: Senthil Kumar 124 TC_17
17:49:38.161 INFO  portalvalidation.NewtRegistration -Zip length error and favourite location not selected on Submit: Senthil Kumar 124 TC_17
17:50:12.799 INFO  portalvalidation.NewtRegistration -Zip length mismatch on TAB: Senthil Kumar 125 TC_18
17:50:14.371 INFO  portalvalidation.NewtRegistration -Zip length Seven error and favourite location not selected on Submit: Senthil Kumar 125 TC_18
17:50:48.906 INFO  portalvalidation.NewtRegistration -Zip is empty on TAB: Senthil Kumar 171 TC_19
17:50:50.329 INFO  portalvalidation.NewtRegistration -Zip and location are empty on Submit: Senthil Kumar 171 TC_19
17:51:25.371 INFO  portalvalidation.NewtRegistration -Zip valid but favourite location not selected: Senthil Kumar 175 TC_20
17:52:00.593 INFO  portalvalidation.NewtRegistration -Agreement not selected on Submit: Senthil3457 TC_21
17:53:04.576 INFO  portalvalidation.NewtRegistration -Phone Number already exists on Submit: Senthil Kumar 511 TC_23
17:53:40.912 INFO  portalvalidation.NewtRegistration -Phone Number already exists on Submit: Senthil Kumar 512 TC_24
19:52:19.566 INFO  portalvalidation.NewtRegistration -fname is less than 2 chars on Submit: S TC_01
19:52:51.762 INFO  portalvalidation.NewtRegistration -fname is empty on Submit:  TC_02
19:53:23.569 INFO  portalvalidation.NewtRegistration -Last name  is empty on Submit: Senthil Kumar TC_03
19:53:54.905 INFO  portalvalidation.NewtRegistration -email and conf email are empty on Submit: Senthil Kumar 4 TC_04
19:54:19.181 INFO  portalvalidation.NewtRegistration -Email and Conf email mismatch on tab :Senthil Kumar 8 TC_05
19:54:33.066 INFO  portalvalidation.NewtRegistration -email and conf email are empty on Submit: Senthil Kumar 8 TC_05
19:54:57.089 INFO  portalvalidation.NewtRegistration -Email and Conf email mismatch on tab :Senthil Kumar 7 TC_06
19:55:11.045 INFO  portalvalidation.NewtRegistration -email and conf email are empty on Submit: Senthil Kumar 7 TC_06
19:56:44.598 INFO  portalvalidation.NewtRegistration -Password and conf. Password are empty on Submit: Senthil Kumar 30 TC_09
19:57:09.259 INFO  portalvalidation.NewtRegistration -Password Empty on TAB: Senthil Kumar 31 TC_10
19:57:16.960 INFO  portalvalidation.NewtRegistration -Password and conf. Password are empty on Submit: Senthil Kumar 31 TC_10
19:57:41.388 INFO  portalvalidation.NewtRegistration -Password Length Error on TAB: Senthil Kumar 32 TC_11
19:57:55.109 INFO  portalvalidation.NewtRegistration -Password and conf. Password are empty on Submit: Senthil Kumar 32 TC_11
19:58:20.155 INFO  portalvalidation.NewtRegistration -Password and Conf Password mismatch on TAB: Senthil Kumar 33 TC_12
19:58:27.795 INFO  portalvalidation.NewtRegistration -Password and conf. Password are empty on Submit: Senthil Kumar 33 TC_12
19:58:59.311 INFO  portalvalidation.NewtRegistration -Password valid and confirm Password empty on Submit: Senthil Kumar 34 TC_13
19:59:31.023 INFO  portalvalidation.NewtRegistration -Birthdate is empty on Submit: Senthil Kumar 9 TC_14
20:00:02.598 INFO  portalvalidation.NewtRegistration -Mobile number is empty: Senthil Kumar 7 TC_15
20:00:42.382 INFO  portalvalidation.NewtRegistration -Mobile number is not valid on Submit: Senthil Kumar 8 TC_16
20:01:13.581 INFO  portalvalidation.NewtRegistration -Zip length mismatch on TAB: Senthil Kumar 124 TC_17
20:01:14.390 INFO  portalvalidation.NewtRegistration -Zip length error and favourite location not selected on Submit: Senthil Kumar 124 TC_17
20:08:35.720 INFO  portalvalidation.NewtRegistration -fname is less than 2 chars on Submit: S TC_01
20:09:10.519 INFO  portalvalidation.NewtRegistration -fname is empty on Submit:  TC_02
20:09:44.998 INFO  portalvalidation.NewtRegistration -Last name  is empty on Submit: Senthil Kumar TC_03
20:10:19.350 INFO  portalvalidation.NewtRegistration -email and conf email are empty on Submit: Senthil Kumar 4 TC_04
20:10:46.707 INFO  portalvalidation.NewtRegistration -Email and Conf email mismatch on tab :Senthil Kumar 8 TC_05
20:11:00.685 INFO  portalvalidation.NewtRegistration -email and conf email are empty on Submit: Senthil Kumar 8 TC_05
20:11:27.771 INFO  portalvalidation.NewtRegistration -Email and Conf email mismatch on tab :Senthil Kumar 7 TC_06
20:11:41.793 INFO  portalvalidation.NewtRegistration -email and conf email are empty on Submit: Senthil Kumar 7 TC_06
20:13:18.551 INFO  portalvalidation.NewtRegistration -Password and conf. Password are empty on Submit: Senthil Kumar 30 TC_09
20:13:46.331 INFO  portalvalidation.NewtRegistration -Password Empty on TAB: Senthil Kumar 31 TC_10
20:13:54.036 INFO  portalvalidation.NewtRegistration -Password and conf. Password are empty on Submit: Senthil Kumar 31 TC_10
20:14:21.627 INFO  portalvalidation.NewtRegistration -Password Length Error on TAB: Senthil Kumar 32 TC_11
20:14:35.315 INFO  portalvalidation.NewtRegistration -Password and conf. Password are empty on Submit: Senthil Kumar 32 TC_11
20:15:03.005 INFO  portalvalidation.NewtRegistration -Password and Conf Password mismatch on TAB: Senthil Kumar 33 TC_12
20:15:10.603 INFO  portalvalidation.NewtRegistration -Password and conf. Password are empty on Submit: Senthil Kumar 33 TC_12
20:15:45.557 INFO  portalvalidation.NewtRegistration -Password valid and confirm Password empty on Submit: Senthil Kumar 34 TC_13
20:16:20.255 INFO  portalvalidation.NewtRegistration -Birthdate is empty on Submit: Senthil Kumar 9 TC_14
20:16:54.832 INFO  portalvalidation.NewtRegistration -Mobile number is empty: Senthil Kumar 7 TC_15
20:17:34.695 INFO  portalvalidation.NewtRegistration -Mobile number is not valid on Submit: Senthil Kumar 8 TC_16
20:18:09.019 INFO  portalvalidation.NewtRegistration -Zip length mismatch on TAB: Senthil Kumar 124 TC_17
20:18:09.943 INFO  portalvalidation.NewtRegistration -Zip length error and favourite location not selected on Submit: Senthil Kumar 124 TC_17
20:18:45.211 INFO  portalvalidation.NewtRegistration -Zip length mismatch on TAB: Senthil Kumar 125 TC_18
20:18:46.167 INFO  portalvalidation.NewtRegistration -Zip length Seven error and favourite location not selected on Submit: Senthil Kumar 125 TC_18
20:19:21.045 INFO  portalvalidation.NewtRegistration -Zip is empty on TAB: Senthil Kumar 171 TC_19
20:19:22.164 INFO  portalvalidation.NewtRegistration -Zip and location are empty on Submit: Senthil Kumar 171 TC_19
20:19:57.570 INFO  portalvalidation.NewtRegistration -Zip valid but favourite location not selected: Senthil Kumar 175 TC_20
20:20:32.846 INFO  portalvalidation.NewtRegistration -Agreement not selected on Submit: Senthil3457 TC_21
20:21:08.002 INFO  portalvalidation.NewtRegistration -Email Already Exists on Submit: Senthil Kumar 501 TC_22
20:21:43.885 INFO  portalvalidation.NewtRegistration -Phone Number already exists on Submit: Senthil Kumar 511 TC_23
20:22:17.718 INFO  portalvalidation.NewtRegistration -Phone Number already exists on Submit: Senthil Kumar 512 TC_24
20:22:51.470 INFO  portalvalidation.NewtRegistration -Phone Number already exists on Submit: Senthil Kumar 513 TC_25
20:23:24.979 INFO  portalvalidation.NewtRegistration -Phone Number already exists on Submit: Senthil Kumar 514 TC_26
20:23:58.616 INFO  portalvalidation.NewtRegistration -Phone Number already exists on Submit: Senthil Kumar 515 TC_27
20:27:10.288 INFO  portalvalidation.Myprofileedit -First name less than 2 chars on Submit:senspeeec11@gmail.com TC_01
20:28:02.414 INFO  portalvalidation.Myprofileedit -Last name is empty on Submit:senspeeec11@gmail.com TC_02
20:28:36.398 INFO  portalvalidation.Myprofileedit -zip is empty on TAB:senspeeec11@gmail.com TC_03
20:28:42.897 INFO  portalvalidation.Myprofileedit -Zip empty and favloc empty on Submit:senspeeec11@gmail.com TC_03
20:29:23.294 INFO  portalvalidation.Myprofileedit -Zip valid and favloc empty on Submit:senspeeec11@gmail.com TC_04
21:20:53.427 INFO  portalvalidation.Myprofileedit -zip is empty on TAB:senspeeec11@gmail.com TC_03
21:21:00.251 INFO  portalvalidation.Myprofileedit -Zip empty and favloc empty on Submit:senspeeec11@gmail.com TC_03
21:21:42.018 INFO  portalvalidation.Myprofileedit -Zip valid and favloc empty on Submit:senspeeec11@gmail.com TC_04
21:33:18.108 INFO  portalvalidation.Myprofileedit -First name less than 2 chars on Submit:senspeeec11@gmail.com TC_01
21:34:09.907 INFO  portalvalidation.Myprofileedit -Last name is empty on Submit:senspeeec11@gmail.com TC_02
21:34:44.230 INFO  portalvalidation.Myprofileedit -zip is empty on TAB:senspeeec11@gmail.com TC_03
21:34:50.697 INFO  portalvalidation.Myprofileedit -Zip empty and favloc empty on Submit:senspeeec11@gmail.com TC_03
21:35:30.856 INFO  portalvalidation.Myprofileedit -Zip valid and favloc empty on Submit:senspeeec11@gmail.com TC_04
21:44:28.709 INFO  portalvalidation.Myprofileedit -zip is empty on TAB:senspeeec11@gmail.com TC_03
21:45:00.675 INFO  portalvalidation.Myprofileedit -Zip valid and favloc empty on Submit:senspeeec11@gmail.com TC_04
21:57:55.902 INFO  portalvalidation.Myprofileedit -zip is empty on TAB:senspeeec11@gmail.com TC_03
21:57:58.412 INFO  portalvalidation.Myprofileedit -Zip empty and favloc empty on Submit:senspeeec11@gmail.com TC_03
21:58:20.365 INFO  portalvalidation.Myprofileedit -Zip valid and favloc empty on Submit:senspeeec11@gmail.com TC_04
22:04:44.369 INFO  portalvalidation.Myprofileedit -zip is empty on TAB:senspeeec11@gmail.com TC_03
22:05:16.324 INFO  portalvalidation.Myprofileedit -Zip valid and favloc empty on Submit:senspeeec11@gmail.com TC_04
22:10:39.214 INFO  portalvalidation.Myprofileedit -First name less than 2 chars on Submit:senspeeec11@gmail.com TC_01
22:11:05.772 INFO  portalvalidation.Myprofileedit -Last name is empty on Submit:senspeeec11@gmail.com TC_02
22:11:25.639 INFO  portalvalidation.Myprofileedit -zip is empty on TAB:senspeeec11@gmail.com TC_03
22:11:57.776 INFO  portalvalidation.Myprofileedit -Zip valid and favloc empty on Submit:senspeeec11@gmail.com TC_04
22:14:19.241 INFO  portalvalidation.Myprofileedit -First name less than 2 chars on Submit:senspeeec11@gmail.com TC_01
22:14:44.866 INFO  portalvalidation.Myprofileedit -Last name is empty on Submit:senspeeec11@gmail.com TC_02
22:15:04.519 INFO  portalvalidation.Myprofileedit -zip is empty on TAB:senspeeec11@gmail.com TC_03
22:16:32.440 INFO  portalvalidation.Myprofileedit -First name less than 2 chars on Submit:senspeeec11@gmail.com TC_01
22:16:58.027 INFO  portalvalidation.Myprofileedit -Last name is empty on Submit:senspeeec11@gmail.com TC_02
22:17:17.987 INFO  portalvalidation.Myprofileedit -zip is empty on TAB:senspeeec11@gmail.com TC_03
22:17:20.671 INFO  portalvalidation.Myprofileedit -Zip empty and favloc empty on Submit:senspeeec11@gmail.com TC_03
22:17:42.725 INFO  portalvalidation.Myprofileedit -Zip valid and favloc empty on Submit:senspeeec11@gmail.com TC_04
22:23:08.804 INFO  portalvalidation.Myprofileedit -First name less than 2 chars on Submit:senspeeec11@gmail.com TC_01
22:23:34.887 INFO  portalvalidation.Myprofileedit -Last name is empty on Submit:senspeeec11@gmail.com TC_02
22:23:55.030 INFO  portalvalidation.Myprofileedit -zip is empty on TAB:senspeeec11@gmail.com TC_03
22:23:57.834 INFO  portalvalidation.Myprofileedit -Zip empty and favloc empty on Submit:senspeeec11@gmail.com TC_03
22:24:20.672 INFO  portalvalidation.Myprofileedit -Zip valid and favloc empty on Submit:senspeeec11@gmail.com TC_04
22:31:55.854 INFO  portalvalidation.Myprofileedit -First name less than 2 chars on Submit:senspeeec11@gmail.com TC_01
22:32:22.328 INFO  portalvalidation.Myprofileedit -Last name is empty on Submit:senspeeec11@gmail.com TC_02
22:32:42.398 INFO  portalvalidation.Myprofileedit -zip is empty on TAB:senspeeec11@gmail.com TC_03
22:33:14.898 INFO  portalvalidation.Myprofileedit -Zip valid and favloc empty on Submit:senspeeec11@gmail.com TC_04
22:44:05.784 INFO  portalvalidation.Myprofileedit -First name less than 2 chars on Submit:senspeeec11@gmail.com TC_01
22:44:32.336 INFO  portalvalidation.Myprofileedit -Last name is empty on Submit:senspeeec11@gmail.com TC_02
22:44:52.776 INFO  portalvalidation.Myprofileedit -zip is empty on TAB:senspeeec11@gmail.com TC_03
22:44:58.583 INFO  portalvalidation.Myprofileedit -Zip empty and favloc empty on Submit:senspeeec11@gmail.com TC_03
22:45:24.309 INFO  portalvalidation.Myprofileedit -Zip valid and favloc empty on Submit:senspeeec11@gmail.com TC_04
